<?xml version="1.0" encoding="UTF-8"?>
<!-- Generated by org.testng.reporters.JUnitXMLReporter -->
<testsuite hostname="BHAVRYLYSHYN-N" name="Command line test" tests="2" failures="1" timestamp="31 Jul 2017 13:30:54 GMT" time="21.491" errors="0">
  <testcase name="gotoSeleniumWikiPage" time="7.047" classname="com.demo.test.DemoTest"/>
  <testcase name="gotoSeleniumWikiPageFailure" time="2.611" classname="com.demo.test.DemoTest">
    <failure type="java.lang.AssertionError" message="expected [Selenium WebDriver] but found [Selenium]">
      <![CDATA[java.lang.AssertionError: expected [Selenium WebDriver] but found [Selenium]
	at com.demo.test.DemoTest.gotoSeleniumWikiPageFailure(DemoTest.java:50)
... Removed 39 stack frames]]>
    </failure>
  </testcase> <!-- gotoSeleniumWikiPageFailure -->
</testsuite> <!-- Command line test -->
