-------------------------------------------------------------------------------
Test set: com.demo.test.DemoTest
-------------------------------------------------------------------------------
Tests run: 2, Failures: 1, Errors: 0, Skipped: 0, Time elapsed: 22.382 sec <<< FAILURE!
gotoSeleniumWikiPageFailure(com.demo.test.DemoTest)  Time elapsed: 2.601 sec  <<< FAILURE!
java.lang.AssertionError: expected [Selenium WebDriver] but found [Selenium]
	at org.testng.Assert.fail(Assert.java:94)
	at org.testng.Assert.failNotEquals(Assert.java:513)
	at org.testng.Assert.assertEqualsImpl(Assert.java:135)
	at org.testng.Assert.assertEquals(Assert.java:116)
	at org.testng.Assert.assertEquals(Assert.java:190)
	at org.testng.Assert.assertEquals(Assert.java:200)
	at com.demo.test.DemoTest.gotoSeleniumWikiPageFailure(DemoTest.java:50)

